Hashi_Bridges/build/outputs/logs/manifest-merger-debug-report.txt
-- Merging decision tree log ---
manifest
ADDED from src\main\AndroidManifest.xml:3:1-34:12
INJECTED from src\main\AndroidManifest.xml:3:1-34:12
MERGED from [com.amazonaws:aws-android-sdk-mobile-client:2.6.18] AndroidManifest.xml:2:1-6:12
MERGED from [com.amazonaws:aws-android-sdk-auth-core:2.6.18] AndroidManifest.xml:2:1-4:80
INJECTED from src\main\AndroidManifest.xml:3:1-34:12
	package
		ADDED from src\main\AndroidManifest.xml:5:5-40
		INJECTED from src\main\AndroidManifest.xml
		INJECTED from src\main\AndroidManifest.xml
	xmlns:tools
		ADDED from src\main\AndroidManifest.xml:4:5-51
	xmlns:android
		ADDED from src\main\AndroidManifest.xml:3:11-69
supports-screens
ADDED from src\main\AndroidManifest.xml:6:5-10:35
	android:largeScreens
		ADDED from src\main\AndroidManifest.xml:7:5-32
	android:smallScreens
		ADDED from src\main\AndroidManifest.xml:9:5-32
	android:normalScreens
		ADDED from src\main\AndroidManifest.xml:8:5-33
	android:xlargeScreens
		ADDED from src\main\AndroidManifest.xml:10:5-33
uses-sdk
ADDED from src\main\AndroidManifest.xml:14:5-69
INJECTED from src\main\AndroidManifest.xml:14:5-69
MERGED from [com.amazonaws:aws-android-sdk-mobile-client:2.6.18] AndroidManifest.xml:4:5-73
MERGED from [com.amazonaws:aws-android-sdk-mobile-client:2.6.18] AndroidManifest.xml:4:5-73
MERGED from [com.amazonaws:aws-android-sdk-auth-core:2.6.18] AndroidManifest.xml:4:1-69
MERGED from [com.amazonaws:aws-android-sdk-auth-core:2.6.18] AndroidManifest.xml:4:1-69
INJECTED from src\main\AndroidManifest.xml:14:5-69
	tools:overrideLibrary
		ADDED from src\main\AndroidManifest.xml:14:15-67
	android:targetSdkVersion
		ADDED from [com.amazonaws:aws-android-sdk-mobile-client:2.6.18] AndroidManifest.xml:4:42-71
	android:minSdkVersion
		INJECTED from src\main\AndroidManifest.xml
		ADDED from src\main\AndroidManifest.xml:14:5-69
		INJECTED from src\main\AndroidManifest.xml
uses-permission#android.permission.VIBRATE
ADDED from src\main\AndroidManifest.xml:15:3-63
	android:name
		ADDED from src\main\AndroidManifest.xml:15:20-61
application
ADDED from src\main\AndroidManifest.xml:16:5-31:19
	android:label
		ADDED from src\main\AndroidManifest.xml:16:48-80
	android:icon
		ADDED from src\main\AndroidManifest.xml:16:18-47
activity#Island_and_Bridges.Hashi.Hashi_Main
ADDED from src\main\AndroidManifest.xml:17:9-24:20
	android:screenOrientation
		ADDED from src\main\AndroidManifest.xml:19:5-41
	android:label
		ADDED from src\main\AndroidManifest.xml:18:19-51
	android:name
		ADDED from src\main\AndroidManifest.xml:17:19-69
intent-filter#action:name:android.intent.action.MAIN+category:name:android.intent.category.LAUNCHER
ADDED from src\main\AndroidManifest.xml:20:13-23:29
action#android.intent.action.MAIN
ADDED from src\main\AndroidManifest.xml:21:17-69
	android:name
		ADDED from src\main\AndroidManifest.xml:21:25-66
category#android.intent.category.LAUNCHER
ADDED from src\main\AndroidManifest.xml:22:17-77
	android:name
		ADDED from src\main\AndroidManifest.xml:22:27-74
activity#Island_and_Bridges.Hashi.HashiGame
ADDED from src\main\AndroidManifest.xml:25:2-30:13
	android:screenOrientation
		ADDED from src\main\AndroidManifest.xml:29:8-44
	android:label
		ADDED from src\main\AndroidManifest.xml:27:8-42
	android:configChanges
		ADDED from src\main\AndroidManifest.xml:28:8-58
	android:name
		ADDED from src\main\AndroidManifest.xml:26:8-57
uses-permission#android.permission.INTERNET
ADDED from src\main\AndroidManifest.xml:32:5-66
	android:name
		ADDED from src\main\AndroidManifest.xml:32:22-64
uses-permission#android.permission.ACCESS_NETWORK_STATE
ADDED from src\main\AndroidManifest.xml:33:5-78
	android:name
		ADDED from src\main\AndroidManifest.xml:33:22-76